INFO    : Building target web
ERROR   : XInclude Error caused build to fail:
ERROR   : /home/miranda/mth112/mth112-lab-manual/source/periodic-functions/sec-other-graphs.ptx:410:11:FATAL:PARSER:ERR_TAG_NAME_MISMATCH: Opening and ending tag mismatch: introduction line 6 and section
/home/miranda/mth112/mth112-lab-manual/source/main.ptx:27:0:ERROR:XINCLUDE:XINCLUDE_NO_FALLBACK: could not load /home/miranda/mth112/mth112-lab-manual/source/periodic-functions/sec-other-graphs.ptx, and no fallback was found
<string>:0:0:WARNING:IO:IO_ENOENT: failed to load "/home/miranda/mth112/mth112-lab-manual/source/trig-identities/sec-summary.ptx": No such file or directory
/home/miranda/mth112/mth112-lab-manual/source/main.ptx:33:0:ERROR:XINCLUDE:XINCLUDE_NO_FALLBACK: could not load /home/miranda/mth112/mth112-lab-manual/source/trig-identities/sec-summary.ptx, and no fallback was found
<string>:0:0:WARNING:IO:IO_ENOENT: failed to load "/home/miranda/mth112/mth112-lab-manual/source/trig-identities/sec-trig-identities.ptx": No such file or directory
/home/miranda/mth112/mth112-lab-manual/source/main.ptx:34:0:ERROR:XINCLUDE:XINCLUDE_NO_FALLBACK: could not load /home/miranda/mth112/mth112-lab-manual/source/trig-identities/sec-trig-identities.ptx, and no fallback was found
<string>:0:0:WARNING:IO:IO_ENOENT: failed to load "/home/miranda/mth112/mth112-lab-manual/source/trig-identities/sec-sum-and-difference.ptx": No such file or directory
/home/miranda/mth112/mth112-lab-manual/source/main.ptx:35:0:ERROR:XINCLUDE:XINCLUDE_NO_FALLBACK: could not load /home/miranda/mth112/mth112-lab-manual/source/trig-identities/sec-sum-and-difference.ptx, and no fallback was found
<string>:0:0:WARNING:IO:IO_ENOENT: failed to load "/home/miranda/mth112/mth112-lab-manual/source/trig-identities/sec-double-angle.ptx": No such file or directory
/home/miranda/mth112/mth112-lab-manual/source/main.ptx:36:0:ERROR:XINCLUDE:XINCLUDE_NO_FALLBACK: could not load /home/miranda/mth112/mth112-lab-manual/source/trig-identities/sec-double-angle.ptx, and no fallback was found
<string>:0:0:WARNING:IO:IO_ENOENT: failed to load "/home/miranda/mth112/mth112-lab-manual/source/trig-identities/sec-sum-to-product.ptx": No such file or directory
/home/miranda/mth112/mth112-lab-manual/source/main.ptx:37:0:ERROR:XINCLUDE:XINCLUDE_NO_FALLBACK: could not load /home/miranda/mth112/mth112-lab-manual/source/trig-identities/sec-sum-to-product.ptx, and no fallback was found
<string>:0:0:WARNING:IO:IO_ENOENT: failed to load "/home/miranda/mth112/mth112-lab-manual/source/trig-identities/sec-solving-equations.ptx": No such file or directory
/home/miranda/mth112/mth112-lab-manual/source/main.ptx:38:0:ERROR:XINCLUDE:XINCLUDE_NO_FALLBACK: could not load /home/miranda/mth112/mth112-lab-manual/source/trig-identities/sec-solving-equations.ptx, and no fallback was found
<string>:0:0:WARNING:IO:IO_ENOENT: failed to load "/home/miranda/mth112/mth112-lab-manual/source/applications/sec-polar-coordinates.ptx": No such file or directory
/home/miranda/mth112/mth112-lab-manual/source/main.ptx:43:0:ERROR:XINCLUDE:XINCLUDE_NO_FALLBACK: could not load /home/miranda/mth112/mth112-lab-manual/source/applications/sec-polar-coordinates.ptx, and no fallback was found
<string>:0:0:WARNING:IO:IO_ENOENT: failed to load "/home/miranda/mth112/mth112-lab-manual/source/applications/sec-complex-numbers.ptx": No such file or directory
/home/miranda/mth112/mth112-lab-manual/source/main.ptx:44:0:ERROR:XINCLUDE:XINCLUDE_NO_FALLBACK: could not load /home/miranda/mth112/mth112-lab-manual/source/applications/sec-complex-numbers.ptx, and no fallback was found
<string>:0:0:WARNING:IO:IO_ENOENT: failed to load "/home/miranda/mth112/mth112-lab-manual/source/applications/sec-vectors.ptx": No such file or directory
/home/miranda/mth112/mth112-lab-manual/source/main.ptx:45:0:ERROR:XINCLUDE:XINCLUDE_NO_FALLBACK: could not load /home/miranda/mth112/mth112-lab-manual/source/applications/sec-vectors.ptx, and no fallback was found
CRITICAL: XML syntax for source file is invalid
INFO    : ------------------------
CRITICAL: Failed to build.  Exiting...
INFO    : 
----------------------------------------------------
INFO    : While running pretext, the following errors occurred:

INFO    : (see log messages above or in the 'logs' folder for more information)
INFO    : ----------------------------------------------------
